TN:
SF:app.ts
FN:24,(anonymous_1)
FN:25,(anonymous_2)
FN:28,(anonymous_3)
FN:36,(anonymous_4)
FNF:4
FNH:0
FNDA:0,(anonymous_1)
FNDA:0,(anonymous_2)
FNDA:0,(anonymous_3)
FNDA:0,(anonymous_4)
DA:2,0
DA:3,0
DA:4,0
DA:5,0
DA:6,0
DA:9,0
DA:11,0
DA:12,0
DA:15,0
DA:16,0
DA:18,0
DA:19,0
DA:22,0
DA:24,0
DA:25,0
DA:28,0
DA:29,0
DA:33,0
DA:36,0
LF:19
LH:0
BRDA:12,0,0,0
BRDA:12,0,1,0
BRDA:23,1,0,0
BRDA:23,1,1,0
BRF:4
BRH:0
end_of_record
TN:
SF:index.d.ts
FNF:0
FNH:0
LF:0
LH:0
BRF:0
BRH:0
end_of_record
TN:
SF:constants/productCategories.ts
FN:23,(anonymous_0)
FNF:1
FNH:0
FNDA:0,(anonymous_0)
DA:1,0
DA:9,0
DA:23,0
DA:24,0
LF:4
LH:0
BRF:0
BRH:0
end_of_record
TN:
SF:controllers/auth/auth.controllers.ts
FN:9,(anonymous_8)
FN:9,(anonymous_9)
FN:67,(anonymous_10)
FN:67,(anonymous_11)
FN:120,(anonymous_12)
FN:120,(anonymous_13)
FN:139,(anonymous_14)
FN:142,(anonymous_15)
FNF:8
FNH:0
FNDA:0,(anonymous_8)
FNDA:0,(anonymous_9)
FNDA:0,(anonymous_10)
FNDA:0,(anonymous_11)
FNDA:0,(anonymous_12)
FNDA:0,(anonymous_13)
FNDA:0,(anonymous_14)
FNDA:0,(anonymous_15)
DA:2,0
DA:3,0
DA:4,0
DA:9,0
DA:10,0
DA:11,0
DA:14,0
DA:15,0
DA:16,0
DA:20,0
DA:24,0
DA:25,0
DA:28,0
DA:32,0
DA:33,0
DA:36,0
DA:44,0
DA:47,0
DA:49,0
DA:61,0
DA:62,0
DA:67,0
DA:68,0
DA:69,0
DA:72,0
DA:73,0
DA:74,0
DA:78,0
DA:82,0
DA:83,0
DA:86,0
DA:90,0
DA:91,0
DA:92,0
DA:95,0
DA:99,0
DA:100,0
DA:102,0
DA:114,0
DA:115,0
DA:120,0
DA:121,0
DA:122,0
DA:123,0
DA:124,0
DA:125,0
DA:129,0
DA:131,0
DA:133,0
DA:134,0
DA:139,0
DA:142,0
DA:143,0
DA:144,0
DA:145,0
DA:146,0
DA:147,0
DA:150,0
DA:161,0
DA:162,0
LF:60
LH:0
BRDA:14,0,0,0
BRDA:14,1,0,0
BRDA:14,1,1,0
BRDA:24,2,0,0
BRDA:72,3,0,0
BRDA:72,4,0,0
BRDA:72,4,1,0
BRDA:82,5,0,0
BRDA:91,6,0,0
BRDA:122,7,0,0
BRDA:122,7,1,0
BRDA:123,8,0,0
BRDA:145,9,0,0
BRF:13
BRH:0
end_of_record
TN:
SF:controllers/auth/refreshToken.controller.ts
FN:5,(anonymous_8)
FN:5,(anonymous_9)
FN:16,(anonymous_10)
FNF:3
FNH:0
FNDA:0,(anonymous_8)
FNDA:0,(anonymous_9)
FNDA:0,(anonymous_10)
DA:2,0
DA:3,0
DA:5,0
DA:6,0
DA:7,0
DA:9,0
DA:10,0
DA:11,0
DA:14,0
DA:16,0
DA:17,0
DA:18,0
DA:19,0
DA:22,0
DA:23,0
DA:24,0
DA:27,0
DA:28,0
LF:18
LH:0
BRDA:9,0,0,0
BRDA:14,1,0,0
BRDA:14,1,1,0
BRDA:17,2,0,0
BRF:4
BRH:0
end_of_record
TN:
SF:controllers/carts/addToCart.controller.ts
FN:7,(anonymous_8)
FN:7,(anonymous_9)
FNF:2
FNH:0
FNDA:0,(anonymous_8)
FNDA:0,(anonymous_9)
DA:2,0
DA:3,0
DA:7,0
DA:8,0
DA:9,0
DA:10,0
DA:12,0
DA:13,0
DA:14,0
DA:18,0
DA:19,0
DA:20,0
DA:24,0
DA:26,0
DA:28,0
DA:29,0
DA:30,0
DA:31,0
DA:34,0
DA:35,0
DA:38,0
DA:39,0
DA:41,0
DA:42,0
LF:24
LH:0
BRDA:12,0,0,0
BRDA:12,1,0,0
BRDA:12,1,1,0
BRDA:19,2,0,0
BRDA:26,3,0,0
BRDA:26,3,1,0
BRF:6
BRH:0
end_of_record
TN:
SF:controllers/carts/getCart.controller.ts
FN:5,(anonymous_8)
FN:5,(anonymous_9)
FN:23,(anonymous_10)
FNF:3
FNH:0
FNDA:0,(anonymous_8)
FNDA:0,(anonymous_9)
FNDA:0,(anonymous_10)
DA:2,0
DA:5,0
DA:6,0
DA:7,0
DA:10,0
DA:18,0
DA:19,0
DA:20,0
DA:23,0
DA:25,0
DA:27,0
DA:28,0
LF:12
LH:0
BRDA:18,0,0,0
BRF:1
BRH:0
end_of_record
TN:
SF:controllers/carts/removeCartItem.controller.ts
FN:6,(anonymous_8)
FN:6,(anonymous_9)
FNF:2
FNH:0
FNDA:0,(anonymous_8)
FNDA:0,(anonymous_9)
DA:2,0
DA:3,0
DA:6,0
DA:7,0
DA:8,0
DA:11,0
DA:13,0
DA:14,0
DA:15,0
DA:19,0
DA:24,0
DA:26,0
DA:27,0
LF:13
LH:0
BRDA:13,0,0,0
BRF:1
BRH:0
end_of_record
TN:
SF:controllers/carts/updateCartItem.controller.ts
FN:5,(anonymous_8)
FN:5,(anonymous_9)
FNF:2
FNH:0
FNDA:0,(anonymous_8)
FNDA:0,(anonymous_9)
DA:3,0
DA:5,0
DA:6,0
DA:7,0
DA:8,0
DA:10,0
DA:11,0
DA:15,0
DA:17,0
DA:18,0
DA:19,0
DA:22,0
DA:24,0
DA:25,0
LF:14
LH:0
BRDA:10,0,0,0
BRDA:10,1,0,0
BRDA:10,1,1,0
BRDA:17,2,0,0
BRF:4
BRH:0
end_of_record
TN:
SF:controllers/orders/cancelOrder.controller.ts
FN:6,(anonymous_8)
FN:6,(anonymous_9)
FNF:2
FNH:0
FNDA:0,(anonymous_8)
FNDA:0,(anonymous_9)
DA:2,0
DA:6,0
DA:7,0
DA:8,0
DA:9,0
DA:12,0
DA:14,0
DA:15,0
DA:16,0
DA:20,0
DA:21,0
DA:24,0
DA:28,0
DA:29,0
DA:31,0
DA:33,0
DA:34,0
LF:17
LH:0
BRDA:14,0,0,0
BRDA:20,1,0,0
BRF:2
BRH:0
end_of_record
TN:
SF:controllers/orders/createOrder.controller.ts
FN:10,(anonymous_8)
FN:10,(anonymous_9)
FN:31,(anonymous_10)
FN:31,(anonymous_11)
FN:62,(anonymous_12)
FN:62,(anonymous_13)
FN:75,(anonymous_14)
FN:89,(anonymous_15)
FNF:8
FNH:0
FNDA:0,(anonymous_8)
FNDA:0,(anonymous_9)
FNDA:0,(anonymous_10)
FNDA:0,(anonymous_11)
FNDA:0,(anonymous_12)
FNDA:0,(anonymous_13)
FNDA:0,(anonymous_14)
FNDA:0,(anonymous_15)
DA:2,0
DA:3,0
DA:4,0
DA:5,0
DA:6,0
DA:10,0
DA:11,0
DA:12,0
DA:15,0
DA:20,0
DA:21,0
DA:22,0
DA:26,0
DA:29,0
DA:30,0
DA:31,0
DA:32,0
DA:33,0
DA:34,0
DA:39,0
DA:40,0
DA:42,0
DA:53,0
DA:58,0
DA:61,0
DA:62,0
DA:63,0
DA:68,0
DA:69,0
DA:74,0
DA:76,0
DA:79,0
DA:82,0
DA:86,0
DA:89,0
DA:99,0
DA:100,0
LF:37
LH:0
BRDA:20,0,0,0
BRDA:20,1,0,0
BRDA:20,1,1,0
BRDA:33,2,0,0
BRDA:33,3,0,0
BRDA:33,3,1,0
BRDA:33,3,2,0
BRF:7
BRH:0
end_of_record
TN:
SF:controllers/orders/getAllOrder.controller.ts
FN:6,(anonymous_8)
FN:6,(anonymous_9)
FN:20,(anonymous_10)
FN:20,(anonymous_11)
FNF:4
FNH:0
FNDA:0,(anonymous_8)
FNDA:0,(anonymous_9)
FNDA:0,(anonymous_10)
FNDA:0,(anonymous_11)
DA:2,0
DA:3,0
DA:6,0
DA:7,0
DA:8,0
DA:9,0
DA:12,0
DA:19,0
DA:20,0
DA:21,0
DA:22,0
DA:30,0
DA:32,0
DA:39,0
DA:40,0
LF:15
LH:0
BRDA:8,0,0,0
BRDA:8,1,0,0
BRDA:8,2,0,0
BRDA:9,3,0,0
BRDA:9,3,1,0
BRF:5
BRH:0
end_of_record
TN:
SF:controllers/orders/getOrder.controller.ts
FN:7,(anonymous_8)
FN:7,(anonymous_9)
FN:23,(anonymous_10)
FN:23,(anonymous_11)
FNF:4
FNH:0
FNDA:0,(anonymous_8)
FNDA:0,(anonymous_9)
FNDA:0,(anonymous_10)
FNDA:0,(anonymous_11)
DA:2,0
DA:4,0
DA:7,0
DA:8,0
DA:9,0
DA:12,0
DA:13,0
DA:14,0
DA:17,0
DA:22,0
DA:23,0
DA:24,0
DA:27,0
DA:32,0
DA:34,0
DA:41,0
DA:42,0
LF:17
LH:0
BRDA:12,0,0,0
BRDA:12,0,1,0
BRDA:13,1,0,0
BRDA:13,1,1,0
BRF:4
BRH:0
end_of_record
TN:
SF:controllers/orders/getOrderById.controller.ts
FN:6,(anonymous_8)
FN:6,(anonymous_9)
FNF:2
FNH:0
FNDA:0,(anonymous_8)
FNDA:0,(anonymous_9)
DA:2,0
DA:6,0
DA:7,0
DA:8,0
DA:9,0
DA:12,0
DA:17,0
DA:18,0
DA:19,0
DA:22,0
DA:24,0
DA:25,0
LF:12
LH:0
BRDA:17,0,0,0
BRF:1
BRH:0
end_of_record
TN:
SF:controllers/orders/updateOrderStatus.controller.ts
FN:4,(anonymous_8)
FN:4,(anonymous_9)
FNF:2
FNH:0
FNDA:0,(anonymous_8)
FNDA:0,(anonymous_9)
DA:2,0
DA:4,0
DA:5,0
DA:6,0
DA:7,0
DA:9,0
DA:23,0
DA:24,0
DA:25,0
DA:29,0
DA:36,0
DA:37,0
DA:38,0
DA:41,0
DA:47,0
DA:48,0
LF:16
LH:0
BRDA:23,0,0,0
BRDA:36,1,0,0
BRF:2
BRH:0
end_of_record
TN:
SF:controllers/products/addProduct.controller.ts
FN:5,(anonymous_8)
FN:5,(anonymous_9)
FNF:2
FNH:0
FNDA:0,(anonymous_8)
FNDA:0,(anonymous_9)
DA:2,0
DA:3,0
DA:5,0
DA:6,0
DA:7,0
DA:10,0
DA:12,0
DA:14,0
DA:15,0
DA:16,0
DA:17,0
DA:21,0
DA:25,0
DA:27,0
DA:32,0
DA:34,0
DA:35,0
DA:37,0
DA:39,0
DA:41,0
DA:42,0
LF:21
LH:0
BRDA:10,0,0,0
BRDA:10,0,1,0
BRDA:15,1,0,0
BRDA:15,2,0,0
BRDA:15,2,1,0
BRDA:29,3,0,0
BRDA:29,3,1,0
BRF:7
BRH:0
end_of_record
TN:
SF:controllers/products/deleteProduct.controller.ts
FN:6,(anonymous_8)
FN:6,(anonymous_9)
FNF:2
FNH:0
FNDA:0,(anonymous_8)
FNDA:0,(anonymous_9)
DA:2,0
DA:6,0
DA:7,0
DA:8,0
DA:10,0
DA:12,0
DA:13,0
DA:14,0
DA:17,0
DA:19,0
DA:20,0
LF:11
LH:0
BRDA:12,0,0,0
BRF:1
BRH:0
end_of_record
TN:
SF:controllers/products/getBestSeller.controller.ts
FN:4,(anonymous_8)
FN:4,(anonymous_9)
FNF:2
FNH:0
FNDA:0,(anonymous_8)
FNDA:0,(anonymous_9)
DA:2,0
DA:4,0
DA:5,0
DA:6,0
DA:7,0
DA:9,0
LF:6
LH:0
BRF:0
BRH:0
end_of_record
TN:
SF:controllers/products/getFeaturedProducts.controller.ts
FN:4,(anonymous_8)
FN:4,(anonymous_9)
FNF:2
FNH:0
FNDA:0,(anonymous_8)
FNDA:0,(anonymous_9)
DA:2,0
DA:4,0
DA:5,0
DA:6,0
DA:7,0
DA:9,0
LF:6
LH:0
BRF:0
BRH:0
end_of_record
TN:
SF:controllers/products/getProduct.controller.ts
FN:6,(anonymous_8)
FN:6,(anonymous_9)
FNF:2
FNH:0
FNDA:0,(anonymous_8)
FNDA:0,(anonymous_9)
DA:2,0
DA:3,0
DA:6,0
DA:7,0
DA:8,0
DA:10,0
DA:13,0
DA:14,0
DA:18,0
DA:19,0
DA:24,0
DA:25,0
DA:26,0
DA:34,0
DA:35,0
DA:36,0
DA:37,0
DA:38,0
DA:39,0
DA:40,0
DA:44,0
DA:45,0
DA:48,0
DA:49,0
DA:51,0
DA:58,0
LF:26
LH:0
BRDA:8,0,0,0
BRDA:8,1,0,0
BRDA:13,2,0,0
BRDA:14,3,0,0
BRDA:14,3,1,0
BRDA:18,4,0,0
BRDA:19,5,0,0
BRDA:19,5,1,0
BRDA:24,6,0,0
BRDA:35,7,0,0
BRDA:35,7,1,0
BRDA:37,8,0,0
BRDA:37,8,1,0
BRDA:39,9,0,0
BRF:14
BRH:0
end_of_record
TN:
SF:controllers/products/getProductById.controller.ts
FN:5,(anonymous_8)
FN:5,(anonymous_9)
FNF:2
FNH:0
FNDA:0,(anonymous_8)
FNDA:0,(anonymous_9)
DA:2,0
DA:5,0
DA:6,0
DA:7,0
DA:8,0
DA:9,0
DA:10,0
DA:11,0
DA:13,0
DA:15,0
LF:10
LH:0
BRDA:9,0,0,0
BRDA:9,1,0,0
BRDA:9,1,1,0
BRF:3
BRH:0
end_of_record
TN:
SF:controllers/products/updateProduct.controller.ts
FN:7,(anonymous_8)
FN:7,(anonymous_9)
FNF:2
FNH:0
FNDA:0,(anonymous_8)
FNDA:0,(anonymous_9)
DA:3,0
DA:4,0
DA:7,0
DA:8,0
DA:9,0
DA:10,0
DA:13,0
DA:14,0
DA:15,0
DA:16,0
DA:20,0
DA:22,0
DA:23,0
DA:24,0
DA:25,0
DA:29,0
DA:34,0
DA:36,0
DA:38,0
DA:40,0
DA:41,0
LF:21
LH:0
BRDA:14,0,0,0
BRDA:23,1,0,0
BRDA:23,2,0,0
BRDA:23,2,1,0
BRF:4
BRH:0
end_of_record
TN:
SF:controllers/ratings/deleteReview.controller.ts
FN:6,(anonymous_8)
FN:6,(anonymous_9)
FNF:2
FNH:0
FNDA:0,(anonymous_8)
FNDA:0,(anonymous_9)
DA:2,0
DA:6,0
DA:7,0
DA:8,0
DA:9,0
DA:12,0
DA:13,0
DA:14,0
DA:15,0
DA:18,0
DA:20,0
DA:21,0
LF:12
LH:0
BRDA:13,0,0,0
BRF:1
BRH:0
end_of_record
TN:
SF:controllers/ratings/editReview.controller.ts
FN:6,(anonymous_8)
FN:6,(anonymous_9)
FNF:2
FNH:0
FNDA:0,(anonymous_8)
FNDA:0,(anonymous_9)
DA:2,0
DA:6,0
DA:7,0
DA:8,0
DA:9,0
DA:10,0
DA:13,0
DA:14,0
DA:15,0
DA:16,0
DA:20,0
DA:21,0
DA:22,0
DA:24,0
DA:26,0
DA:27,0
LF:16
LH:0
BRDA:14,0,0,0
BRDA:20,1,0,0
BRDA:21,2,0,0
BRF:3
BRH:0
end_of_record
TN:
SF:controllers/ratings/getReviewByProduct.controller.ts
FN:7,(anonymous_8)
FN:7,(anonymous_9)
FNF:2
FNH:0
FNDA:0,(anonymous_8)
FNDA:0,(anonymous_9)
DA:2,0
DA:3,0
DA:7,0
DA:8,0
DA:9,0
DA:12,0
DA:13,0
DA:14,0
DA:15,0
DA:19,0
DA:21,0
DA:26,0
DA:27,0
LF:13
LH:0
BRDA:13,0,0,0
BRF:1
BRH:0
end_of_record
TN:
SF:controllers/ratings/getReviewByUser.controller.ts
FN:6,(anonymous_8)
FN:6,(anonymous_9)
FN:19,(anonymous_10)
FNF:3
FNH:0
FNDA:0,(anonymous_8)
FNDA:0,(anonymous_9)
FNDA:0,(anonymous_10)
DA:2,0
DA:6,0
DA:7,0
DA:8,0
DA:11,0
DA:19,0
DA:21,0
DA:26,0
DA:27,0
LF:9
LH:0
BRF:0
BRH:0
end_of_record
TN:
SF:controllers/ratings/submitReview.controller.ts
FN:7,(anonymous_8)
FN:7,(anonymous_9)
FNF:2
FNH:0
FNDA:0,(anonymous_8)
FNDA:0,(anonymous_9)
DA:2,0
DA:3,0
DA:7,0
DA:8,0
DA:9,0
DA:10,0
DA:13,0
DA:14,0
DA:15,0
DA:16,0
DA:20,0
DA:21,0
DA:22,0
DA:23,0
DA:27,0
DA:33,0
DA:35,0
DA:40,0
DA:41,0
LF:19
LH:0
BRDA:14,0,0,0
BRDA:21,1,0,0
BRF:2
BRH:0
end_of_record
TN:
SF:controllers/users/getAllUser.controller.ts
FN:4,(anonymous_8)
FN:4,(anonymous_9)
FNF:2
FNH:0
FNDA:0,(anonymous_8)
FNDA:0,(anonymous_9)
DA:2,0
DA:4,0
DA:5,0
DA:6,0
DA:7,0
DA:13,0
LF:6
LH:0
BRF:0
BRH:0
end_of_record
TN:
SF:controllers/users/getUserProfile.controller.ts
FN:5,(anonymous_7)
FN:5,(anonymous_8)
FNF:2
FNH:0
FNDA:0,(anonymous_7)
FNDA:0,(anonymous_8)
DA:5,0
DA:6,0
DA:7,0
DA:8,0
DA:9,0
DA:10,0
DA:12,0
DA:14,0
DA:15,0
LF:9
LH:0
BRDA:8,0,0,0
BRF:1
BRH:0
end_of_record
TN:
SF:controllers/users/updateUserProfile.controller.ts
FN:5,(anonymous_8)
FN:5,(anonymous_9)
FNF:2
FNH:0
FNDA:0,(anonymous_8)
FNDA:0,(anonymous_9)
DA:2,0
DA:5,0
DA:6,0
DA:7,0
DA:8,0
DA:11,0
DA:17,0
DA:18,0
DA:19,0
DA:22,0
DA:24,0
DA:25,0
LF:12
LH:0
BRDA:17,0,0,0
BRF:1
BRH:0
end_of_record
TN:
SF:coverage/lcov-report/block-navigation.js
FN:2,init
FN:24,toggleClass
FN:31,makeCurrent
FN:41,goToPrevious
FN:52,goToNext
FN:65,jump
FNF:6
FNH:0
FNDA:0,init
FNDA:0,toggleClass
FNDA:0,makeCurrent
FNDA:0,goToPrevious
FNDA:0,goToNext
FNDA:0,jump
DA:2,0
DA:4,0
DA:7,0
DA:10,0
DA:14,0
DA:20,0
DA:25,0
DA:28,0
DA:32,0
DA:33,0
DA:34,0
DA:42,0
DA:43,0
DA:44,0
DA:45,0
DA:46,0
DA:49,0
DA:53,0
DA:55,0
DA:59,0
DA:62,0
DA:65,0
DA:66,0
DA:71,0
DA:74,0
DA:77,0
DA:78,0
DA:82,0
DA:83,0
DA:87,0
LF:30
LH:0
BRDA:43,0,0,0
BRDA:43,0,1,0
BRDA:43,1,0,0
BRDA:43,1,1,0
BRDA:45,2,0,0
BRDA:45,2,1,0
BRDA:55,3,0,0
BRDA:55,3,1,0
BRDA:56,4,0,0
BRDA:56,4,1,0
BRDA:66,5,0,0
BRDA:66,5,1,0
BRDA:67,6,0,0
BRDA:67,6,1,0
BRDA:74,7,0,0
BRDA:74,7,1,0
BRDA:74,7,2,0
BRDA:74,7,3,0
BRDA:74,7,4,0
BRF:19
BRH:0
end_of_record
TN:
SF:coverage/lcov-report/prettify.js
FN:2,(anonymous_0)
FN:2,k
FN:2,ab
FN:2,T
FN:2,X
FN:2,(anonymous_5)
FN:2,W
FN:2,(anonymous_7)
FN:2,a
FN:2,aa
FN:2,B
FN:2,o
FN:2,g
FN:2,(anonymous_13)
FN:2,(anonymous_14)
FN:2,i
FN:2,Q
FN:2,ae
FN:2,ad
FN:2,ai
FN:2,D
FN:2,c
FN:2,q
FN:2,d
FN:2,y
FN:2,b
FN:2,Y
FN:2,(anonymous_27)
FN:2,U
FNF:29
FNH:0
FNDA:0,(anonymous_0)
FNDA:0,k
FNDA:0,ab
FNDA:0,T
FNDA:0,X
FNDA:0,(anonymous_5)
FNDA:0,W
FNDA:0,(anonymous_7)
FNDA:0,a
FNDA:0,aa
FNDA:0,B
FNDA:0,o
FNDA:0,g
FNDA:0,(anonymous_13)
FNDA:0,(anonymous_14)
FNDA:0,i
FNDA:0,Q
FNDA:0,ae
FNDA:0,ad
FNDA:0,ai
FNDA:0,D
FNDA:0,c
FNDA:0,q
FNDA:0,d
FNDA:0,y
FNDA:0,b
FNDA:0,Y
FNDA:0,(anonymous_27)
FNDA:0,U
DA:2,0
LF:1
LH:0
BRDA:2,0,0,0
BRDA:2,0,1,0
BRDA:2,1,0,0
BRDA:2,1,1,0
BRDA:2,2,0,0
BRDA:2,2,1,0
BRDA:2,3,0,0
BRDA:2,3,1,0
BRDA:2,4,0,0
BRDA:2,4,1,0
BRDA:2,5,0,0
BRDA:2,5,1,0
BRDA:2,6,0,0
BRDA:2,6,1,0
BRDA:2,7,0,0
BRDA:2,7,1,0
BRDA:2,8,0,0
BRDA:2,8,1,0
BRDA:2,9,0,0
BRDA:2,9,1,0
BRDA:2,10,0,0
BRDA:2,10,1,0
BRDA:2,11,0,0
BRDA:2,11,1,0
BRDA:2,11,2,0
BRDA:2,11,3,0
BRDA:2,12,0,0
BRDA:2,12,1,0
BRDA:2,13,0,0
BRDA:2,13,1,0
BRDA:2,14,0,0
BRDA:2,14,1,0
BRDA:2,15,0,0
BRDA:2,15,1,0
BRDA:2,16,0,0
BRDA:2,16,1,0
BRDA:2,17,0,0
BRDA:2,17,1,0
BRDA:2,18,0,0
BRDA:2,18,1,0
BRDA:2,19,0,0
BRDA:2,19,1,0
BRDA:2,20,0,0
BRDA:2,20,1,0
BRDA:2,21,0,0
BRDA:2,21,1,0
BRDA:2,22,0,0
BRDA:2,22,1,0
BRDA:2,23,0,0
BRDA:2,23,1,0
BRDA:2,24,0,0
BRDA:2,24,1,0
BRDA:2,25,0,0
BRDA:2,25,1,0
BRDA:2,26,0,0
BRDA:2,26,1,0
BRDA:2,27,0,0
BRDA:2,27,1,0
BRDA:2,28,0,0
BRDA:2,28,1,0
BRDA:2,29,0,0
BRDA:2,29,1,0
BRDA:2,30,0,0
BRDA:2,30,1,0
BRDA:2,31,0,0
BRDA:2,31,1,0
BRDA:2,32,0,0
BRDA:2,32,1,0
BRDA:2,33,0,0
BRDA:2,33,1,0
BRDA:2,34,0,0
BRDA:2,34,1,0
BRDA:2,35,0,0
BRDA:2,35,1,0
BRDA:2,36,0,0
BRDA:2,36,1,0
BRDA:2,37,0,0
BRDA:2,37,1,0
BRDA:2,38,0,0
BRDA:2,38,1,0
BRDA:2,39,0,0
BRDA:2,39,1,0
BRDA:2,40,0,0
BRDA:2,40,1,0
BRDA:2,41,0,0
BRDA:2,41,1,0
BRDA:2,42,0,0
BRDA:2,42,1,0
BRDA:2,43,0,0
BRDA:2,43,1,0
BRDA:2,44,0,0
BRDA:2,44,1,0
BRDA:2,45,0,0
BRDA:2,45,1,0
BRDA:2,46,0,0
BRDA:2,46,1,0
BRDA:2,47,0,0
BRDA:2,47,1,0
BRDA:2,48,0,0
BRDA:2,48,1,0
BRDA:2,49,0,0
BRDA:2,49,1,0
BRDA:2,50,0,0
BRDA:2,50,1,0
BRDA:2,50,2,0
BRDA:2,51,0,0
BRDA:2,51,1,0
BRDA:2,52,0,0
BRDA:2,52,1,0
BRDA:2,53,0,0
BRDA:2,53,1,0
BRDA:2,54,0,0
BRDA:2,54,1,0
BRDA:2,55,0,0
BRDA:2,55,1,0
BRDA:2,56,0,0
BRDA:2,56,1,0
BRDA:2,57,0,0
BRDA:2,57,1,0
BRDA:2,58,0,0
BRDA:2,58,1,0
BRDA:2,59,0,0
BRDA:2,59,1,0
BRDA:2,60,0,0
BRDA:2,60,1,0
BRDA:2,61,0,0
BRDA:2,61,1,0
BRDA:2,62,0,0
BRDA:2,62,1,0
BRDA:2,63,0,0
BRDA:2,63,1,0
BRDA:2,64,0,0
BRDA:2,64,1,0
BRDA:2,65,0,0
BRDA:2,65,1,0
BRDA:2,66,0,0
BRDA:2,66,1,0
BRDA:2,67,0,0
BRDA:2,67,1,0
BRDA:2,68,0,0
BRDA:2,68,1,0
BRDA:2,69,0,0
BRDA:2,69,1,0
BRDA:2,70,0,0
BRDA:2,70,1,0
BRDA:2,71,0,0
BRDA:2,71,1,0
BRDA:2,72,0,0
BRDA:2,72,1,0
BRDA:2,73,0,0
BRDA:2,73,1,0
BRDA:2,74,0,0
BRDA:2,74,1,0
BRDA:2,75,0,0
BRDA:2,75,1,0
BRDA:2,76,0,0
BRDA:2,76,1,0
BRDA:2,77,0,0
BRDA:2,77,1,0
BRDA:2,78,0,0
BRDA:2,78,1,0
BRDA:2,79,0,0
BRDA:2,79,1,0
BRDA:2,80,0,0
BRDA:2,80,1,0
BRDA:2,81,0,0
BRDA:2,81,1,0
BRDA:2,82,0,0
BRDA:2,82,1,0
BRDA:2,83,0,0
BRDA:2,83,1,0
BRDA:2,84,0,0
BRDA:2,84,1,0
BRDA:2,85,0,0
BRDA:2,85,1,0
BRDA:2,86,0,0
BRDA:2,86,1,0
BRDA:2,87,0,0
BRDA:2,87,1,0
BRDA:2,88,0,0
BRDA:2,88,1,0
BRDA:2,89,0,0
BRDA:2,89,1,0
BRDA:2,89,2,0
BRDA:2,90,0,0
BRDA:2,90,1,0
BRDA:2,91,0,0
BRDA:2,91,1,0
BRDA:2,92,0,0
BRDA:2,92,1,0
BRDA:2,93,0,0
BRDA:2,93,1,0
BRDA:2,94,0,0
BRDA:2,94,1,0
BRDA:2,95,0,0
BRDA:2,95,1,0
BRDA:2,96,0,0
BRDA:2,96,1,0
BRDA:2,97,0,0
BRDA:2,97,1,0
BRDA:2,98,0,0
BRDA:2,98,1,0
BRDA:2,99,0,0
BRDA:2,99,1,0
BRDA:2,100,0,0
BRDA:2,100,1,0
BRDA:2,101,0,0
BRDA:2,101,1,0
BRDA:2,102,0,0
BRDA:2,102,1,0
BRDA:2,103,0,0
BRDA:2,103,1,0
BRDA:2,104,0,0
BRDA:2,104,1,0
BRDA:2,105,0,0
BRDA:2,105,1,0
BRDA:2,106,0,0
BRDA:2,106,1,0
BRDA:2,107,0,0
BRDA:2,107,1,0
BRDA:2,108,0,0
BRDA:2,108,1,0
BRDA:2,109,0,0
BRDA:2,109,1,0
BRDA:2,110,0,0
BRDA:2,110,1,0
BRDA:2,111,0,0
BRDA:2,111,1,0
BRDA:2,112,0,0
BRDA:2,112,1,0
BRDA:2,113,0,0
BRDA:2,113,1,0
BRDA:2,114,0,0
BRDA:2,114,1,0
BRDA:2,115,0,0
BRDA:2,115,1,0
BRDA:2,116,0,0
BRDA:2,116,1,0
BRDA:2,117,0,0
BRDA:2,117,1,0
BRDA:2,118,0,0
BRDA:2,118,1,0
BRDA:2,119,0,0
BRDA:2,119,1,0
BRDA:2,120,0,0
BRDA:2,120,1,0
BRDA:2,121,0,0
BRDA:2,121,1,0
BRDA:2,122,0,0
BRDA:2,122,1,0
BRDA:2,123,0,0
BRDA:2,123,1,0
BRDA:2,124,0,0
BRDA:2,124,1,0
BRDA:2,125,0,0
BRDA:2,125,1,0
BRDA:2,126,0,0
BRDA:2,126,1,0
BRDA:2,127,0,0
BRDA:2,127,1,0
BRDA:2,128,0,0
BRDA:2,128,1,0
BRDA:2,128,2,0
BRDA:2,129,0,0
BRDA:2,129,1,0
BRDA:2,130,0,0
BRDA:2,130,1,0
BRDA:2,131,0,0
BRDA:2,131,1,0
BRDA:2,131,2,0
BRDA:2,131,3,0
BRDA:2,131,4,0
BRDA:2,132,0,0
BRDA:2,132,1,0
BRDA:2,133,0,0
BRDA:2,133,1,0
BRDA:2,134,0,0
BRDA:2,134,1,0
BRDA:2,135,0,0
BRDA:2,135,1,0
BRDA:2,136,0,0
BRDA:2,136,1,0
BRDA:2,137,0,0
BRDA:2,137,1,0
BRDA:2,138,0,0
BRDA:2,138,1,0
BRF:286
BRH:0
end_of_record
TN:
SF:coverage/lcov-report/sorter.js
FN:2,(anonymous_0)
FN:11,getTable
FN:15,getTableHeader
FN:19,getTableBody
FN:23,getNthColumn
FN:27,onFilterInput
FN:45,addSearchBox
FN:53,loadColumns
FN:78,loadRowData
FN:97,loadData
FN:106,sortByIndex
FN:108,(anonymous_11)
FN:120,(anonymous_12)
FN:137,removeSortIndicators
FN:145,addSortIndicators
FN:151,enableUI
FN:154,ithSorter
FN:157,(anonymous_17)
FN:184,(anonymous_18)
FNF:19
FNH:0
FNDA:0,(anonymous_0)
FNDA:0,getTable
FNDA:0,getTableHeader
FNDA:0,getTableBody
FNDA:0,getNthColumn
FNDA:0,onFilterInput
FNDA:0,addSearchBox
FNDA:0,loadColumns
FNDA:0,loadRowData
FNDA:0,loadData
FNDA:0,sortByIndex
FNDA:0,(anonymous_11)
FNDA:0,(anonymous_12)
FNDA:0,removeSortIndicators
FNDA:0,addSortIndicators
FNDA:0,enableUI
FNDA:0,ithSorter
FNDA:0,(anonymous_17)
FNDA:0,(anonymous_18)
DA:2,0
DA:5,0
DA:12,0
DA:16,0
DA:20,0
DA:24,0
DA:28,0
DA:29,0
DA:30,0
DA:31,0
DA:32,0
DA:37,0
DA:39,0
DA:46,0
DA:47,0
DA:48,0
DA:49,0
DA:54,0
DA:56,0
DA:60,0
DA:61,0
DA:62,0
DA:67,0
DA:68,0
DA:69,0
DA:70,0
DA:74,0
DA:79,0
DA:82,0
DA:85,0
DA:86,0
DA:87,0
DA:88,0
DA:89,0
DA:90,0
DA:92,0
DA:94,0
DA:98,0
DA:101,0
DA:102,0
DA:107,0
DA:108,0
DA:109,0
DA:110,0
DA:111,0
DA:113,0
DA:114,0
DA:115,0
DA:116,0
DA:119,0
DA:120,0
DA:121,0
DA:125,0
DA:126,0
DA:127,0
DA:130,0
DA:132,0
DA:133,0
DA:138,0
DA:139,0
DA:141,0
DA:142,0
DA:146,0
DA:154,0
DA:155,0
DA:157,0
DA:158,0
DA:160,0
DA:161,0
DA:163,0
DA:164,0
DA:165,0
DA:166,0
DA:167,0
DA:170,0
DA:171,0
DA:174,0
DA:175,0
DA:176,0
DA:178,0
DA:184,0
DA:185,0
DA:186,0
DA:188,0
DA:189,0
DA:190,0
DA:191,0
DA:192,0
DA:196,0
LF:89
LH:0
BRDA:32,0,0,0
BRDA:32,0,1,0
BRDA:65,1,0,0
BRDA:65,1,1,0
BRDA:68,2,0,0
BRDA:68,2,1,0
BRDA:89,3,0,0
BRDA:89,3,1,0
BRDA:111,4,0,0
BRDA:111,4,1,0
BRDA:111,5,0,0
BRDA:111,5,1,0
BRDA:119,6,0,0
BRDA:119,6,1,0
BRDA:146,7,0,0
BRDA:146,7,1,0
BRDA:160,8,0,0
BRDA:160,8,1,0
BRDA:171,9,0,0
BRDA:171,9,1,0
BRDA:175,10,0,0
BRDA:175,10,1,0
BRDA:185,11,0,0
BRDA:185,11,1,0
BRF:24
BRH:0
end_of_record
TN:
SF:middleware/authMiddleware.ts
FN:6,(anonymous_8)
FN:6,(anonymous_9)
FNF:2
FNH:2
FNDA:6,(anonymous_8)
FNDA:6,(anonymous_9)
DA:2,1
DA:3,1
DA:6,6
DA:7,6
DA:9,6
DA:11,6
DA:12,2
DA:13,2
DA:16,4
DA:17,4
DA:19,4
DA:21,4
DA:24,2
DA:25,0
DA:26,0
DA:27,0
DA:31,0
DA:32,0
DA:33,0
DA:35,4
DA:36,1
DA:37,1
DA:39,3
DA:40,3
DA:43,0
DA:44,0
LF:26
LH:18
BRDA:11,0,0,2
BRDA:11,1,0,6
BRDA:11,1,1,5
BRDA:17,2,0,4
BRDA:17,2,1,4
BRDA:25,3,0,0
BRDA:35,4,0,1
BRF:7
BRH:6
end_of_record
TN:
SF:middleware/role.ts
FN:5,(anonymous_0)
FNF:1
FNH:1
FNDA:4,(anonymous_0)
DA:5,1
DA:6,4
DA:8,4
DA:9,1
DA:10,1
DA:14,2
DA:15,1
DA:16,1
DA:19,1
DA:21,1
DA:22,1
LF:11
LH:11
BRDA:8,0,0,1
BRDA:14,1,0,1
BRF:2
BRH:2
end_of_record
TN:
SF:middleware/uploadMiddleware.ts
FN:7,(anonymous_8)
FN:7,(anonymous_9)
FNF:2
FNH:2
FNDA:1,(anonymous_8)
FNDA:1,(anonymous_9)
DA:1,1
DA:2,1
DA:3,1
DA:5,1
DA:7,1
DA:15,1
DA:17,1
LF:7
LH:7
BRF:0
BRH:0
end_of_record
TN:
SF:middleware/validator.ts
FN:12,(anonymous_0)
FN:13,(anonymous_1)
FN:21,(anonymous_2)
FN:32,(anonymous_3)
FNF:4
FNH:4
FNDA:3,(anonymous_0)
FNDA:3,(anonymous_1)
FNDA:2,(anonymous_2)
FNDA:2,(anonymous_3)
DA:3,1
DA:11,1
DA:12,1
DA:13,3
DA:14,3
DA:16,3
DA:18,3
DA:19,2
DA:21,2
DA:23,2
DA:26,1
DA:32,1
DA:33,2
DA:35,2
DA:36,1
DA:40,1
DA:43,1
LF:17
LH:17
BRDA:18,0,0,2
BRDA:35,1,0,1
BRF:2
BRH:2
end_of_record
TN:
SF:models/Cart.ts
FNF:0
FNH:0
DA:1,0
DA:9,0
DA:18,0
LF:3
LH:0
BRF:0
BRH:0
end_of_record
TN:
SF:models/Order.ts
FNF:0
FNH:0
DA:1,0
DA:20,0
DA:44,0
LF:3
LH:0
BRF:0
BRH:0
end_of_record
TN:
SF:models/Product.ts
FNF:0
FNH:0
DA:1,0
DA:27,0
DA:33,0
DA:68,0
LF:4
LH:0
BRF:0
BRH:0
end_of_record
TN:
SF:models/ProductCart.ts
FNF:0
FNH:0
DA:1,0
DA:10,0
DA:19,0
LF:3
LH:0
BRF:0
BRH:0
end_of_record
TN:
SF:models/ProductOrder.ts
FNF:0
FNH:0
DA:1,0
DA:9,0
DA:18,0
LF:3
LH:0
BRF:0
BRH:0
end_of_record
TN:
SF:models/Rating.ts
FNF:0
FNH:0
DA:1,0
DA:12,0
DA:23,0
LF:3
LH:0
BRF:0
BRH:0
end_of_record
TN:
SF:models/User.ts
FNF:0
FNH:0
DA:1,0
DA:13,0
DA:22,0
LF:3
LH:0
BRF:0
BRH:0
end_of_record
TN:
SF:routes/auth.api.ts
FNF:0
FNH:0
DA:1,0
DA:2,0
DA:8,0
DA:9,0
DA:11,0
DA:18,0
DA:25,0
DA:26,0
DA:33,0
DA:40,0
DA:42,0
LF:11
LH:0
BRF:0
BRH:0
end_of_record
TN:
SF:routes/cart.api.ts
FNF:0
FNH:0
DA:1,0
DA:3,0
DA:4,0
DA:5,0
DA:6,0
DA:7,0
DA:8,0
DA:9,0
DA:10,0
DA:11,0
DA:13,0
DA:20,0
DA:28,0
DA:36,0
DA:49,0
DA:51,0
LF:16
LH:0
BRF:0
BRH:0
end_of_record
TN:
SF:routes/index.ts
FNF:0
FNH:0
DA:1,0
DA:2,0
DA:3,0
DA:4,0
DA:5,0
DA:6,0
DA:7,0
DA:9,0
DA:12,0
DA:13,0
DA:14,0
DA:15,0
DA:16,0
DA:17,0
DA:19,0
LF:15
LH:0
BRF:0
BRH:0
end_of_record
TN:
SF:routes/order.api.ts
FNF:0
FNH:0
DA:1,0
DA:3,0
DA:4,0
DA:5,0
DA:6,0
DA:7,0
DA:8,0
DA:9,0
DA:10,0
DA:11,0
DA:12,0
DA:13,0
DA:14,0
DA:16,0
DA:26,0
DA:38,0
DA:50,0
DA:62,0
DA:74,0
DA:83,0
DA:91,0
LF:21
LH:0
BRF:0
BRH:0
end_of_record
TN:
SF:routes/product.api.ts
FNF:0
FNH:0
DA:1,0
DA:2,0
DA:3,0
DA:4,0
DA:5,0
DA:6,0
DA:7,0
DA:8,0
DA:9,0
DA:10,0
DA:11,0
DA:12,0
DA:13,0
DA:14,0
DA:16,0
DA:24,0
DA:25,0
DA:26,0
DA:33,0
DA:40,0
DA:47,0
DA:54,0
DA:56,0
LF:23
LH:0
BRF:0
BRH:0
end_of_record
TN:
SF:routes/rating.api.ts
FNF:0
FNH:0
DA:1,0
DA:3,0
DA:4,0
DA:5,0
DA:6,0
DA:7,0
DA:8,0
DA:9,0
DA:10,0
DA:11,0
DA:12,0
DA:14,0
DA:22,0
DA:29,0
DA:36,0
DA:44,0
DA:51,0
DA:53,0
LF:18
LH:0
BRF:0
BRH:0
end_of_record
TN:
SF:routes/user.api.ts
FNF:0
FNH:0
DA:1,0
DA:3,0
DA:4,0
DA:5,0
DA:6,0
DA:7,0
DA:9,0
DA:16,0
DA:23,0
DA:30,0
DA:32,0
LF:11
LH:0
BRF:0
BRH:0
end_of_record
TN:
SF:schemas/carts/addToCart.schema.ts
FNF:0
FNH:0
DA:1,1
DA:2,1
DA:5,1
LF:3
LH:3
BRF:0
BRH:0
end_of_record
TN:
SF:schemas/carts/updateCart.schema.ts
FNF:0
FNH:0
DA:1,0
DA:4,0
LF:2
LH:0
BRF:0
BRH:0
end_of_record
TN:
SF:schemas/orders/createOrder.schema.ts
FNF:0
FNH:0
DA:1,0
DA:5,0
LF:2
LH:0
BRF:0
BRH:0
end_of_record
TN:
SF:schemas/orders/updateOrderStatus.schema.ts
FNF:0
FNH:0
DA:1,0
DA:2,0
DA:6,0
LF:3
LH:0
BRF:0
BRH:0
end_of_record
TN:
SF:schemas/products/createProduct.schema.ts
FNF:0
FNH:0
DA:1,0
DA:2,0
DA:4,0
LF:3
LH:0
BRF:0
BRH:0
end_of_record
TN:
SF:schemas/products/idSchema.ts
FN:6,(anonymous_1)
FNF:1
FNH:1
FNDA:2,(anonymous_1)
DA:1,1
DA:2,1
DA:4,1
DA:7,2
DA:8,0
DA:10,2
LF:6
LH:5
BRDA:7,0,0,0
BRF:1
BRH:0
end_of_record
TN:
SF:schemas/products/updateProduct.schema.ts
FN:4,(anonymous_0)
FNF:1
FNH:0
FNDA:0,(anonymous_0)
DA:1,0
DA:4,0
LF:2
LH:0
BRF:0
BRH:0
end_of_record
TN:
SF:schemas/ratings/editReview.schema.ts
FNF:0
FNH:0
DA:1,0
DA:4,0
LF:2
LH:0
BRF:0
BRH:0
end_of_record
TN:
SF:schemas/ratings/submitReview.schema.ts
FNF:0
FNH:0
DA:1,0
DA:2,0
DA:5,0
LF:3
LH:0
BRF:0
BRH:0
end_of_record
TN:
SF:scripts/importProducts.ts
FN:37,(anonymous_8)
FN:38,(anonymous_9)
FN:44,parseVarieties
FN:48,(anonymous_11)
FN:49,(anonymous_12)
FN:53,(anonymous_13)
FN:54,(anonymous_14)
FN:69,(anonymous_15)
FN:76,parsePrices
FN:80,(anonymous_17)
FN:88,(anonymous_18)
FN:95,importProducts
FN:106,(anonymous_21)
FN:121,(anonymous_22)
FN:124,(anonymous_23)
FN:134,(anonymous_24)
FN:139,(anonymous_25)
FNF:17
FNH:0
FNDA:0,(anonymous_8)
FNDA:0,(anonymous_9)
FNDA:0,parseVarieties
FNDA:0,(anonymous_11)
FNDA:0,(anonymous_12)
FNDA:0,(anonymous_13)
FNDA:0,(anonymous_14)
FNDA:0,(anonymous_15)
FNDA:0,parsePrices
FNDA:0,(anonymous_17)
FNDA:0,(anonymous_18)
FNDA:0,importProducts
FNDA:0,(anonymous_21)
FNDA:0,(anonymous_22)
FNDA:0,(anonymous_23)
FNDA:0,(anonymous_24)
FNDA:0,(anonymous_25)
DA:2,0
DA:3,0
DA:4,0
DA:5,0
DA:6,0
DA:8,0
DA:29,0
DA:30,0
DA:31,0
DA:32,0
DA:35,0
DA:37,0
DA:39,0
DA:40,0
DA:46,0
DA:48,0
DA:49,0
DA:51,0
DA:53,0
DA:54,0
DA:57,0
DA:58,0
DA:62,0
DA:63,0
DA:66,0
DA:69,0
DA:77,0
DA:79,0
DA:80,0
DA:84,0
DA:86,0
DA:88,0
DA:92,0
DA:96,0
DA:98,0
DA:99,0
DA:100,0
DA:105,0
DA:106,0
DA:107,0
DA:109,0
DA:121,0
DA:124,0
DA:134,0
DA:139,0
DA:150,0
DA:151,0
DA:152,0
DA:153,0
DA:155,0
DA:157,0
DA:162,0
DA:163,0
DA:164,0
DA:165,0
DA:168,0
LF:56
LH:0
BRDA:29,0,0,0
BRDA:29,0,1,0
BRDA:30,1,0,0
BRDA:46,2,0,0
BRDA:46,2,1,0
BRDA:46,3,0,0
BRDA:46,3,1,0
BRDA:46,4,0,0
BRDA:46,4,1,0
BRDA:51,5,0,0
BRDA:51,5,1,0
BRDA:51,6,0,0
BRDA:51,6,1,0
BRDA:51,7,0,0
BRDA:51,7,1,0
BRDA:57,8,0,0
BRDA:62,9,0,0
BRDA:62,10,0,0
BRDA:62,10,1,0
BRDA:71,11,0,0
BRDA:71,11,1,0
BRDA:77,12,0,0
BRDA:80,13,0,0
BRDA:80,13,1,0
BRDA:84,14,0,0
BRDA:88,15,0,0
BRDA:88,15,1,0
BRDA:110,16,0,0
BRDA:110,16,1,0
BRDA:110,17,0,0
BRDA:110,17,1,0
BRDA:111,18,0,0
BRDA:111,18,1,0
BRDA:111,19,0,0
BRDA:111,19,1,0
BRDA:112,20,0,0
BRDA:112,20,1,0
BRDA:113,21,0,0
BRDA:113,21,1,0
BRDA:119,22,0,0
BRDA:119,22,1,0
BRDA:121,23,0,0
BRDA:121,23,1,0
BRDA:121,24,0,0
BRDA:121,24,1,0
BRDA:122,25,0,0
BRDA:122,25,1,0
BRDA:124,26,0,0
BRDA:124,26,1,0
BRDA:124,27,0,0
BRDA:124,27,1,0
BRDA:127,28,0,0
BRDA:127,28,1,0
BRDA:129,29,0,0
BRDA:129,29,1,0
BRDA:133,30,0,0
BRDA:133,30,1,0
BRDA:136,31,0,0
BRDA:136,31,1,0
BRDA:138,32,0,0
BRDA:138,32,1,0
BRDA:142,33,0,0
BRDA:142,33,1,0
BRDA:143,34,0,0
BRDA:143,34,1,0
BRDA:144,35,0,0
BRDA:144,35,1,0
BRDA:163,36,0,0
BRF:68
BRH:0
end_of_record
TN:
SF:utils/cloudinaryConfig.ts
FNF:0
FNH:0
DA:1,0
DA:2,0
DA:4,0
DA:6,0
DA:12,0
LF:5
LH:0
BRF:0
BRH:0
end_of_record
TN:
SF:utils/jwtUtils.ts
FN:4,(anonymous_1)
FN:11,(anonymous_2)
FNF:2
FNH:0
FNDA:0,(anonymous_1)
FNDA:0,(anonymous_2)
DA:1,0
DA:4,0
DA:5,0
DA:6,0
DA:9,0
DA:11,0
DA:13,0
DA:14,0
DA:15,0
LF:9
LH:0
BRDA:5,0,0,0
BRDA:5,0,1,0
BRDA:6,1,0,0
BRDA:6,1,1,0
BRDA:13,2,0,0
BRDA:13,2,1,0
BRDA:14,3,0,0
BRDA:14,3,1,0
BRF:8
BRH:0
end_of_record
